<?xml version="1.0" encoding="UTF-8"?>
<!-- Generated by org.testng.reporters.JUnitReportReporter -->
<testsuite hostname="QT-INBG-LT0666" failures="0" tests="1" name="Order" time="10.012" errors="0" timestamp="2022-09-19T16:28:17 IST" skipped="0">
  <testcase classname="Order" name="odr" time="10.012"/>
  <system-out/>
</testsuite> <!-- Order -->
