<?xml version="1.0" encoding="UTF-8"?>
<!-- Generated by org.testng.reporters.JUnitReportReporter -->
<testsuite hostname="QT-INBG-LT0666" failures="0" tests="1" name="SignUp" time="6.755" errors="0" timestamp="2022-09-30T17:19:41 IST" skipped="0">
  <testcase classname="SignUp" name="signUp" time="6.755"/>
  <system-out/>
</testsuite> <!-- SignUp -->
