<?xml version="1.0" encoding="UTF-8"?>
<!-- Generated by org.testng.reporters.JUnitReportReporter -->
<testsuite hostname="QT-INBG-LT0666" failures="0" tests="1" name="SignUp" time="8.250" errors="0" timestamp="2022-09-19T14:34:52 IST" skipped="0">
  <testcase classname="SignUp" name="signUp" time="8.250"/>
  <system-out/>
</testsuite> <!-- SignUp -->
