<?xml version="1.0" encoding="UTF-8"?>
<!-- Generated by org.testng.reporters.JUnitReportReporter -->
<testsuite hostname="QT-INBG-LT0666" failures="0" tests="1" name="Order" time="8.530" errors="0" timestamp="2022-10-03T09:58:54 IST" skipped="0">
  <testcase classname="Order" name="odr" time="8.530"/>
  <system-out/>
</testsuite> <!-- Order -->
